2023-05-04 18:12:59.807 | INFO     | database_connection:create_connection:39 - Creating Connection
2023-05-04 18:13:01.804 | INFO     | database_connection:create_connection:45 - Successfully Creating Connection
2023-05-04 18:13:01.805 | INFO     | database_connection:get_query:119 - Reading Data in a Table
2023-05-04 18:13:02.445 | INFO     | database_connection:get_query:131 - Successfully Reading Data in a Table
2023-05-04 18:13:02.507 | INFO     | database_connection:create_connection:39 - Creating Connection
2023-05-04 18:13:04.380 | INFO     | database_connection:create_connection:45 - Successfully Creating Connection
2023-05-04 18:13:04.380 | INFO     | database_connection:get_query:119 - Reading Data in a Table
2023-05-04 18:13:05.021 | INFO     | database_connection:get_query:131 - Successfully Reading Data in a Table
2023-05-04 18:53:26.131 | INFO     | database_connection:create_connection:39 - Creating Connection
2023-05-04 18:53:28.097 | INFO     | database_connection:create_connection:45 - Successfully Creating Connection
2023-05-04 18:53:28.098 | INFO     | database_connection:get_query:119 - Reading Data in a Table
2023-05-04 18:53:28.720 | INFO     | database_connection:get_query:131 - Successfully Reading Data in a Table
2023-05-04 18:53:28.837 | INFO     | database_connection:create_connection:39 - Creating Connection
2023-05-04 18:53:30.688 | INFO     | database_connection:create_connection:45 - Successfully Creating Connection
2023-05-04 18:53:30.689 | INFO     | database_connection:get_query:119 - Reading Data in a Table
2023-05-04 18:53:31.315 | INFO     | database_connection:get_query:131 - Successfully Reading Data in a Table
2023-05-04 19:17:04.408 | INFO     | database_connection:create_connection:42 - Creating Connection
2023-05-04 19:17:06.365 | INFO     | database_connection:create_connection:48 - Successfully Creating Connection
2023-05-04 19:17:06.365 | INFO     | database_connection:get_all_team_dict:1693 - Reading Data in a Table
2023-05-04 19:17:06.985 | INFO     | database_connection:get_all_team_dict:1707 - Successfully Reading Data in a Table
2023-05-06 15:15:52.038 | INFO     | database_connection:create_connection:42 - Creating Connection
2023-05-06 15:15:55.076 | INFO     | database_connection:create_connection:48 - Successfully Creating Connection
2023-05-06 15:15:55.082 | INFO     | database_connection:get_query:122 - Reading Data in a Table
2023-05-06 15:15:56.042 | INFO     | database_connection:get_query:134 - Successfully Reading Data in a Table
2023-05-06 15:15:58.022 | INFO     | database_connection:create_connection:42 - Creating Connection
2023-05-06 15:16:00.830 | INFO     | database_connection:create_connection:48 - Successfully Creating Connection
2023-05-06 15:16:00.834 | INFO     | database_connection:get_query:122 - Reading Data in a Table
2023-05-06 15:16:01.753 | INFO     | database_connection:get_query:134 - Successfully Reading Data in a Table
2023-05-06 15:40:56.686 | INFO     | database_connection:create_connection:42 - Creating Connection
2023-05-06 15:40:58.380 | INFO     | database_connection:create_connection:48 - Successfully Creating Connection
2023-05-06 15:40:58.384 | INFO     | database_connection:get_query:122 - Reading Data in a Table
2023-05-06 15:40:58.927 | INFO     | database_connection:get_query:134 - Successfully Reading Data in a Table
2023-05-06 15:40:58.931 | INFO     | database_connection:create_connection:42 - Creating Connection
2023-05-06 15:41:00.655 | INFO     | database_connection:create_connection:48 - Successfully Creating Connection
2023-05-06 15:41:00.663 | INFO     | database_connection:get_query:122 - Reading Data in a Table
2023-05-06 15:41:01.243 | INFO     | database_connection:get_query:134 - Successfully Reading Data in a Table
2023-05-06 15:41:01.261 | INFO     | database_connection:create_connection:42 - Creating Connection
2023-05-06 15:41:03.035 | INFO     | database_connection:create_connection:48 - Successfully Creating Connection
2023-05-06 15:41:03.037 | INFO     | database_connection:get_query:122 - Reading Data in a Table
2023-05-06 15:41:03.618 | INFO     | database_connection:get_query:134 - Successfully Reading Data in a Table
2023-05-06 15:41:03.622 | INFO     | database_connection:create_connection:42 - Creating Connection
2023-05-06 15:41:05.329 | INFO     | database_connection:create_connection:48 - Successfully Creating Connection
2023-05-06 15:41:05.333 | INFO     | database_connection:get_query:122 - Reading Data in a Table
2023-05-06 15:41:05.908 | INFO     | database_connection:get_query:134 - Successfully Reading Data in a Table
2023-05-06 15:41:07.066 | INFO     | database_connection:create_connection:42 - Creating Connection
2023-05-06 15:41:08.737 | INFO     | database_connection:create_connection:48 - Successfully Creating Connection
2023-05-06 15:41:08.739 | INFO     | database_connection:get_query:122 - Reading Data in a Table
2023-05-06 15:41:09.287 | INFO     | database_connection:get_query:134 - Successfully Reading Data in a Table
2023-05-06 15:41:09.296 | INFO     | database_connection:create_connection:42 - Creating Connection
2023-05-06 15:41:11.029 | INFO     | database_connection:create_connection:48 - Successfully Creating Connection
2023-05-06 15:41:11.035 | INFO     | database_connection:get_query:122 - Reading Data in a Table
2023-05-06 15:41:11.628 | INFO     | database_connection:get_query:134 - Successfully Reading Data in a Table
2023-05-06 15:41:21.829 | INFO     | database_connection:create_connection:42 - Creating Connection
2023-05-06 15:41:23.546 | INFO     | database_connection:create_connection:48 - Successfully Creating Connection
2023-05-06 15:41:23.554 | INFO     | database_connection:get_query:122 - Reading Data in a Table
2023-05-06 15:41:24.121 | INFO     | database_connection:get_query:134 - Successfully Reading Data in a Table
2023-05-06 15:41:24.125 | INFO     | database_connection:create_connection:42 - Creating Connection
2023-05-06 15:41:25.761 | INFO     | database_connection:create_connection:48 - Successfully Creating Connection
2023-05-06 15:41:25.764 | INFO     | database_connection:get_query:122 - Reading Data in a Table
2023-05-06 15:41:26.311 | INFO     | database_connection:get_query:134 - Successfully Reading Data in a Table
2023-05-06 15:41:29.002 | INFO     | database_connection:create_connection:42 - Creating Connection
2023-05-06 15:41:30.675 | INFO     | database_connection:create_connection:48 - Successfully Creating Connection
2023-05-06 15:41:30.683 | INFO     | database_connection:get_query:122 - Reading Data in a Table
2023-05-06 15:41:31.234 | INFO     | database_connection:get_query:134 - Successfully Reading Data in a Table
2023-05-06 15:41:31.239 | INFO     | database_connection:create_connection:42 - Creating Connection
2023-05-06 15:41:32.855 | INFO     | database_connection:create_connection:48 - Successfully Creating Connection
2023-05-06 15:41:32.862 | INFO     | database_connection:get_query:122 - Reading Data in a Table
2023-05-06 15:41:33.410 | INFO     | database_connection:get_query:134 - Successfully Reading Data in a Table
2023-05-06 15:41:36.587 | INFO     | database_connection:create_connection:42 - Creating Connection
2023-05-06 15:41:38.310 | INFO     | database_connection:create_connection:48 - Successfully Creating Connection
2023-05-06 15:41:38.318 | INFO     | database_connection:get_query:122 - Reading Data in a Table
2023-05-06 15:41:38.891 | INFO     | database_connection:get_query:134 - Successfully Reading Data in a Table
2023-05-06 15:41:38.900 | INFO     | database_connection:create_connection:42 - Creating Connection
2023-05-06 15:41:40.515 | INFO     | database_connection:create_connection:48 - Successfully Creating Connection
2023-05-06 15:41:40.523 | INFO     | database_connection:get_query:122 - Reading Data in a Table
2023-05-06 15:41:41.066 | INFO     | database_connection:get_query:134 - Successfully Reading Data in a Table
